<?xml version="1.0" encoding="UTF-8"?>
<testng-results skipped="0" failed="1" total="1" passed="0">
  <reporter-output>
    <line>
      <![CDATA[User should be able to view the entered Container Line Agent : Pass]]>
    </line>
    <line>
      <![CDATA[User should be able to view the entered Vessel Line Agent : Pass]]>
    </line>
    <line>
      <![CDATA[User should be able to view the entered Import Manifest No : Pass]]>
    </line>
    <line>
      <![CDATA[User should be able to view the entered Import Manifest Date : Pass]]>
    </line>
    <line>
      <![CDATA[User should be able to view the entered Bill of Lading No : Pass]]>
    </line>
    <line>
      <![CDATA[User should be able to view the entered Bill of Lading Date : Pass]]>
    </line>
    <line>
      <![CDATA[User should be able to view the entered Consignee : Pass]]>
    </line>
    <line>
      <![CDATA[User should be able to view the entered Consignee Address : Pass]]>
    </line>
    <line>
      <![CDATA[User should be able to view the entered Total No of BL Pkgs : Pass]]>
    </line>
    <line>
      <![CDATA[User should be able to view the entered BL Weight : Pass]]>
    </line>
    <line>
      <![CDATA[User should be able to view the entered Volume : Pass]]>
    </line>
    <line>
      <![CDATA[User should be able to view the entered Vessel Name : Pass]]>
    </line>
    <line>
      <![CDATA[User should be able to view the entered Voyage No : Pass]]>
    </line>
    <line>
      <![CDATA[User should be able to view the entered Berth Date : Pass]]>
    </line>
    <line>
      <![CDATA[User should be able to view the entered Port of Loading : Pass]]>
    </line>
    <line>
      <![CDATA[User should be able to view the entered Port of Discharge : Pass]]>
    </line>
    <line>
      <![CDATA[User should be able to view the entered Final Port Delivery : Pass]]>
    </line>
  </reporter-output>
  <suite name="Default suite" duration-ms="45056" started-at="2019-06-07T10:06:17Z" finished-at="2019-06-07T10:07:02Z">
    <groups>
    </groups>
    <test name="Default test" duration-ms="45056" started-at="2019-06-07T10:06:17Z" finished-at="2019-06-07T10:07:02Z">
      <class name="PCS_EDO_Module.EDO">
        <test-method status="PASS" signature="intialization()[pri:0, instance:PCS_EDO_Module.EDO@3f197a46]" name="intialization" is-config="true" duration-ms="4728" started-at="2019-06-07T15:36:17Z" finished-at="2019-06-07T15:36:22Z">
          <reporter-output>
          </reporter-output>
        </test-method> <!-- intialization -->
        <test-method status="PASS" signature="ReadData_UserDetails()[pri:0, instance:PCS_EDO_Module.EDO@3f197a46]" name="ReadData_UserDetails" is-config="true" duration-ms="191" started-at="2019-06-07T15:36:22Z" finished-at="2019-06-07T15:36:22Z">
          <reporter-output>
          </reporter-output>
        </test-method> <!-- ReadData_UserDetails -->
        <test-method status="PASS" signature="ReadData_LineNoDetails()[pri:0, instance:PCS_EDO_Module.EDO@3f197a46]" name="ReadData_LineNoDetails" is-config="true" duration-ms="64" started-at="2019-06-07T15:36:22Z" finished-at="2019-06-07T15:36:22Z">
          <reporter-output>
          </reporter-output>
        </test-method> <!-- ReadData_LineNoDetails -->
        <test-method status="FAIL" signature="Login_FF()[pri:0, instance:PCS_EDO_Module.EDO@3f197a46]" name="Login_FF" duration-ms="40055" started-at="2019-06-07T15:36:22Z" finished-at="2019-06-07T15:37:02Z">
          <exception class="org.openqa.selenium.StaleElementReferenceException">
            <message>
              <![CDATA[stale element reference: element is not attached to the page document
  (Session info: chrome=74.0.3729.169)
  (Driver info: chromedriver=2.36.540470 (e522d04694c7ebea4ba8821272dbef4f9b818c91),platform=Windows NT 10.0.16299 x86_64) (WARNING: The server did not provide any stacktrace information)
Command duration or timeout: 63 milliseconds
For documentation on this error, please visit: http://seleniumhq.org/exceptions/stale_element_reference.html
Build info: version: '2.53.1', revision: 'a36b8b1', time: '2016-06-30 17:32:46'
System info: host: 'Vivekanand-Koli', ip: '10.22.3.208', os.name: 'Windows 10', os.arch: 'amd64', os.version: '10.0', java.version: '1.8.0_211'
Driver info: org.openqa.selenium.chrome.ChromeDriver
Capabilities [{applicationCacheEnabled=false, rotatable=false, mobileEmulationEnabled=false, networkConnectionEnabled=false, chrome={chromedriverVersion=2.36.540470 (e522d04694c7ebea4ba8821272dbef4f9b818c91), userDataDir=C:\Users\VIVEKA~1.KOL\AppData\Local\Temp\scoped_dir6784_1299}, takesHeapSnapshot=true, pageLoadStrategy=normal, databaseEnabled=false, handlesAlerts=true, hasTouchScreen=false, version=74.0.3729.169, platform=XP, browserConnectionEnabled=false, nativeEvents=true, acceptSslCerts=false, acceptInsecureCerts=false, locationContextEnabled=true, webStorageEnabled=true, browserName=chrome, takesScreenshot=true, javascriptEnabled=true, cssSelectorsEnabled=true, setWindowRect=true, unexpectedAlertBehaviour=}]
Session ID: 7f4efe02054a726ea325a55ce9c4cb82]]>
            </message>
            <full-stacktrace>
              <![CDATA[org.openqa.selenium.StaleElementReferenceException: stale element reference: element is not attached to the page document
  (Session info: chrome=74.0.3729.169)
  (Driver info: chromedriver=2.36.540470 (e522d04694c7ebea4ba8821272dbef4f9b818c91),platform=Windows NT 10.0.16299 x86_64) (WARNING: The server did not provide any stacktrace information)
Command duration or timeout: 63 milliseconds
For documentation on this error, please visit: http://seleniumhq.org/exceptions/stale_element_reference.html
Build info: version: '2.53.1', revision: 'a36b8b1', time: '2016-06-30 17:32:46'
System info: host: 'Vivekanand-Koli', ip: '10.22.3.208', os.name: 'Windows 10', os.arch: 'amd64', os.version: '10.0', java.version: '1.8.0_211'
Driver info: org.openqa.selenium.chrome.ChromeDriver
Capabilities [{applicationCacheEnabled=false, rotatable=false, mobileEmulationEnabled=false, networkConnectionEnabled=false, chrome={chromedriverVersion=2.36.540470 (e522d04694c7ebea4ba8821272dbef4f9b818c91), userDataDir=C:\Users\VIVEKA~1.KOL\AppData\Local\Temp\scoped_dir6784_1299}, takesHeapSnapshot=true, pageLoadStrategy=normal, databaseEnabled=false, handlesAlerts=true, hasTouchScreen=false, version=74.0.3729.169, platform=XP, browserConnectionEnabled=false, nativeEvents=true, acceptSslCerts=false, acceptInsecureCerts=false, locationContextEnabled=true, webStorageEnabled=true, browserName=chrome, takesScreenshot=true, javascriptEnabled=true, cssSelectorsEnabled=true, setWindowRect=true, unexpectedAlertBehaviour=}]
Session ID: 7f4efe02054a726ea325a55ce9c4cb82
	at sun.reflect.NativeConstructorAccessorImpl.newInstance0(Native Method)
	at sun.reflect.NativeConstructorAccessorImpl.newInstance(Unknown Source)
	at sun.reflect.DelegatingConstructorAccessorImpl.newInstance(Unknown Source)
	at java.lang.reflect.Constructor.newInstance(Unknown Source)
	at org.openqa.selenium.remote.ErrorHandler.createThrowable(ErrorHandler.java:206)
	at org.openqa.selenium.remote.ErrorHandler.throwIfResponseFailed(ErrorHandler.java:158)
	at org.openqa.selenium.remote.RemoteWebDriver.execute(RemoteWebDriver.java:678)
	at org.openqa.selenium.remote.RemoteWebElement.execute(RemoteWebElement.java:327)
	at org.openqa.selenium.remote.RemoteWebElement.sendKeys(RemoteWebElement.java:122)
	at org.kale.pcs.pages.Create_EDO_Import_Page.Create_EDO(Create_EDO_Import_Page.java:171)
	at PCS_EDO_Module.EDO.Login_FF(EDO.java:103)
	at sun.reflect.NativeMethodAccessorImpl.invoke0(Native Method)
	at sun.reflect.NativeMethodAccessorImpl.invoke(Unknown Source)
	at sun.reflect.DelegatingMethodAccessorImpl.invoke(Unknown Source)
	at java.lang.reflect.Method.invoke(Unknown Source)
	at org.testng.internal.MethodInvocationHelper.invokeMethod(MethodInvocationHelper.java:85)
	at org.testng.internal.Invoker.invokeMethod(Invoker.java:639)
	at org.testng.internal.Invoker.invokeTestMethod(Invoker.java:816)
	at org.testng.internal.Invoker.invokeTestMethods(Invoker.java:1124)
	at org.testng.internal.TestMethodWorker.invokeTestMethods(TestMethodWorker.java:125)
	at org.testng.internal.TestMethodWorker.run(TestMethodWorker.java:108)
	at org.testng.TestRunner.privateRun(TestRunner.java:774)
	at org.testng.TestRunner.run(TestRunner.java:624)
	at org.testng.SuiteRunner.runTest(SuiteRunner.java:359)
	at org.testng.SuiteRunner.runSequentially(SuiteRunner.java:354)
	at org.testng.SuiteRunner.privateRun(SuiteRunner.java:312)
	at org.testng.SuiteRunner.run(SuiteRunner.java:261)
	at org.testng.SuiteRunnerWorker.runSuite(SuiteRunnerWorker.java:52)
	at org.testng.SuiteRunnerWorker.run(SuiteRunnerWorker.java:86)
	at org.testng.TestNG.runSuitesSequentially(TestNG.java:1215)
	at org.testng.TestNG.runSuitesLocally(TestNG.java:1140)
	at org.testng.TestNG.run(TestNG.java:1048)
	at org.testng.remote.AbstractRemoteTestNG.run(AbstractRemoteTestNG.java:114)
	at org.testng.remote.RemoteTestNG.initAndRun(RemoteTestNG.java:251)
	at org.testng.remote.RemoteTestNG.main(RemoteTestNG.java:77)
]]>
            </full-stacktrace>
          </exception> <!-- org.openqa.selenium.StaleElementReferenceException -->
          <reporter-output>
            <line>
              <![CDATA[User should be able to view the entered Container Line Agent : Pass]]>
            </line>
            <line>
              <![CDATA[User should be able to view the entered Vessel Line Agent : Pass]]>
            </line>
            <line>
              <![CDATA[User should be able to view the entered Import Manifest No : Pass]]>
            </line>
            <line>
              <![CDATA[User should be able to view the entered Import Manifest Date : Pass]]>
            </line>
            <line>
              <![CDATA[User should be able to view the entered Bill of Lading No : Pass]]>
            </line>
            <line>
              <![CDATA[User should be able to view the entered Bill of Lading Date : Pass]]>
            </line>
            <line>
              <![CDATA[User should be able to view the entered Consignee : Pass]]>
            </line>
            <line>
              <![CDATA[User should be able to view the entered Consignee Address : Pass]]>
            </line>
            <line>
              <![CDATA[User should be able to view the entered Total No of BL Pkgs : Pass]]>
            </line>
            <line>
              <![CDATA[User should be able to view the entered BL Weight : Pass]]>
            </line>
            <line>
              <![CDATA[User should be able to view the entered Volume : Pass]]>
            </line>
            <line>
              <![CDATA[User should be able to view the entered Vessel Name : Pass]]>
            </line>
            <line>
              <![CDATA[User should be able to view the entered Voyage No : Pass]]>
            </line>
            <line>
              <![CDATA[User should be able to view the entered Berth Date : Pass]]>
            </line>
            <line>
              <![CDATA[User should be able to view the entered Port of Loading : Pass]]>
            </line>
            <line>
              <![CDATA[User should be able to view the entered Port of Discharge : Pass]]>
            </line>
            <line>
              <![CDATA[User should be able to view the entered Final Port Delivery : Pass]]>
            </line>
          </reporter-output>
        </test-method> <!-- Login_FF -->
      </class> <!-- PCS_EDO_Module.EDO -->
    </test> <!-- Default test -->
  </suite> <!-- Default suite -->
</testng-results>
