<?xml version="1.0" encoding="UTF-8"?>
<testng-results skipped="0" failed="0" total="1" passed="1">
  <reporter-output>
    <line>
      <![CDATA[User should be able to view the entered Container Line Agent : Pass]]>
    </line>
    <line>
      <![CDATA[User should be able to view the entered Vessel Line Agent : Pass]]>
    </line>
    <line>
      <![CDATA[User should be able to view the entered Import Manifest No : Pass]]>
    </line>
    <line>
      <![CDATA[User should be able to view the entered Import Manifest Date : Pass]]>
    </line>
    <line>
      <![CDATA[User should be able to view the entered Bill of Lading No : Pass]]>
    </line>
    <line>
      <![CDATA[User should be able to view the entered Bill of Lading Date : Pass]]>
    </line>
    <line>
      <![CDATA[User should be able to view the entered Consignee : Pass]]>
    </line>
    <line>
      <![CDATA[User should be able to view the entered Consignee Address : Pass]]>
    </line>
    <line>
      <![CDATA[User should be able to view the entered Total No of BL Pkgs : Pass]]>
    </line>
    <line>
      <![CDATA[User should be able to view the entered BL Weight : Pass]]>
    </line>
    <line>
      <![CDATA[User should be able to view the entered Volume : Pass]]>
    </line>
    <line>
      <![CDATA[User should be able to view the entered Vessel Name : Pass]]>
    </line>
    <line>
      <![CDATA[User should be able to view the entered Voyage No : Pass]]>
    </line>
    <line>
      <![CDATA[User should be able to view the entered Berth Date : Pass]]>
    </line>
    <line>
      <![CDATA[User should be able to view the entered Port of Loading : Pass]]>
    </line>
    <line>
      <![CDATA[User should be able to view the entered Port of Discharge : Pass]]>
    </line>
    <line>
      <![CDATA[User should be able to view the entered Final Port Delivery : Pass]]>
    </line>
    <line>
      <![CDATA[User should be able to view the entered Total Count 20 : Pass]]>
    </line>
    <line>
      <![CDATA[User should be able to view the entered Total Count 40 : Pass]]>
    </line>
    <line>
      <![CDATA[User should be able to view the entered Total Count 45 : Pass]]>
    </line>
    <line>
      <![CDATA[User should be able to view the entered Cargo Description : Pass]]>
    </line>
    <line>
      <![CDATA[User should be able to view the entered Marks And No : Pass]]>
    </line>
    <line>
      <![CDATA[User should be able to view the entered Container No : Pass]]>
    </line>
    <line>
      <![CDATA[User should be able to view the entered Weight : Pass]]>
    </line>
    <line>
      <![CDATA[User should be able to view the entered Seal No : Pass]]>
    </line>
  </reporter-output>
  <suite name="Default suite" duration-ms="70291" started-at="2019-06-10T07:09:21Z" finished-at="2019-06-10T07:10:31Z">
    <groups>
    </groups>
    <test name="Default test" duration-ms="70291" started-at="2019-06-10T07:09:21Z" finished-at="2019-06-10T07:10:31Z">
      <class name="PCS_EDO_Module.EDO">
        <test-method status="PASS" signature="intialization()[pri:0, instance:PCS_EDO_Module.EDO@3f197a46]" name="intialization" is-config="true" duration-ms="4541" started-at="2019-06-10T12:39:21Z" finished-at="2019-06-10T12:39:26Z">
          <reporter-output>
          </reporter-output>
        </test-method> <!-- intialization -->
        <test-method status="PASS" signature="ReadData_UserDetails()[pri:0, instance:PCS_EDO_Module.EDO@3f197a46]" name="ReadData_UserDetails" is-config="true" duration-ms="204" started-at="2019-06-10T12:39:26Z" finished-at="2019-06-10T12:39:26Z">
          <reporter-output>
          </reporter-output>
        </test-method> <!-- ReadData_UserDetails -->
        <test-method status="PASS" signature="ReadData_LineNoDetails()[pri:0, instance:PCS_EDO_Module.EDO@3f197a46]" name="ReadData_LineNoDetails" is-config="true" duration-ms="52" started-at="2019-06-10T12:39:26Z" finished-at="2019-06-10T12:39:26Z">
          <reporter-output>
          </reporter-output>
        </test-method> <!-- ReadData_LineNoDetails -->
        <test-method status="PASS" signature="Login_FF()[pri:0, instance:PCS_EDO_Module.EDO@3f197a46]" name="Login_FF" duration-ms="65472" started-at="2019-06-10T12:39:26Z" finished-at="2019-06-10T12:40:31Z">
          <reporter-output>
            <line>
              <![CDATA[User should be able to view the entered Container Line Agent : Pass]]>
            </line>
            <line>
              <![CDATA[User should be able to view the entered Vessel Line Agent : Pass]]>
            </line>
            <line>
              <![CDATA[User should be able to view the entered Import Manifest No : Pass]]>
            </line>
            <line>
              <![CDATA[User should be able to view the entered Import Manifest Date : Pass]]>
            </line>
            <line>
              <![CDATA[User should be able to view the entered Bill of Lading No : Pass]]>
            </line>
            <line>
              <![CDATA[User should be able to view the entered Bill of Lading Date : Pass]]>
            </line>
            <line>
              <![CDATA[User should be able to view the entered Consignee : Pass]]>
            </line>
            <line>
              <![CDATA[User should be able to view the entered Consignee Address : Pass]]>
            </line>
            <line>
              <![CDATA[User should be able to view the entered Total No of BL Pkgs : Pass]]>
            </line>
            <line>
              <![CDATA[User should be able to view the entered BL Weight : Pass]]>
            </line>
            <line>
              <![CDATA[User should be able to view the entered Volume : Pass]]>
            </line>
            <line>
              <![CDATA[User should be able to view the entered Vessel Name : Pass]]>
            </line>
            <line>
              <![CDATA[User should be able to view the entered Voyage No : Pass]]>
            </line>
            <line>
              <![CDATA[User should be able to view the entered Berth Date : Pass]]>
            </line>
            <line>
              <![CDATA[User should be able to view the entered Port of Loading : Pass]]>
            </line>
            <line>
              <![CDATA[User should be able to view the entered Port of Discharge : Pass]]>
            </line>
            <line>
              <![CDATA[User should be able to view the entered Final Port Delivery : Pass]]>
            </line>
            <line>
              <![CDATA[User should be able to view the entered Total Count 20 : Pass]]>
            </line>
            <line>
              <![CDATA[User should be able to view the entered Total Count 40 : Pass]]>
            </line>
            <line>
              <![CDATA[User should be able to view the entered Total Count 45 : Pass]]>
            </line>
            <line>
              <![CDATA[User should be able to view the entered Cargo Description : Pass]]>
            </line>
            <line>
              <![CDATA[User should be able to view the entered Marks And No : Pass]]>
            </line>
            <line>
              <![CDATA[User should be able to view the entered Container No : Pass]]>
            </line>
            <line>
              <![CDATA[User should be able to view the entered Weight : Pass]]>
            </line>
            <line>
              <![CDATA[User should be able to view the entered Seal No : Pass]]>
            </line>
          </reporter-output>
        </test-method> <!-- Login_FF -->
      </class> <!-- PCS_EDO_Module.EDO -->
    </test> <!-- Default test -->
  </suite> <!-- Default suite -->
</testng-results>
